Tue 11:05: ########################################## 
Tue 11:05: Compiling.
Tue 11:05: ########################################## 

Tue 11:05: MaxCompiler version: 2014.1.1.
Tue 11:05: Build DFE run rule for InferiorOlive_Unrolled_IniFix start time: Tue Jun 13 11:05:49 BST 2017.
Tue 11:05: Project location: /home/maxeler/workspace/Maxide projects Archive/InferiorOlive_0_7m.
Tue 11:05: Detailed build log: /home/maxeler/workspace/Maxide projects Archive/InferiorOlive_0_7m/RunRules/DFE/build.log.

Tue 11:05: Compiling Engine Code.
Tue 11:05: Engine building skipped (no selected .max files to build).
Tue 11:05: Compiling CPU Code.
Tue 11:05: Run CPU project make files updating
Tue 11:05: Executing command:
Tue 11:05: java -jar /opt/maxeler/maxcompiler-2014.1.1/lib/MaxIDE/projectAdmin.jar -u /home/maxeler/workspace/Maxide projects Archive/InferiorOlive_0_7m DFE 
Tue 11:05: Command output:

Tue 11:05: MaxCompiler Project Admin Tool Version 2014.1.1
Tue 11:05:  Copyright Maxeler Technologies 2010 - 2014. All rights reserved.
Tue 11:05: Handler version 1
Tue 11:05: Updating RunRule dependent Makefiles for RunRule 'DFE'
Tue 11:05: Found makefiles: 1
Tue 11:05: 	Updated: DFE
Tue 11:05: Run CPU make.
Tue 11:05: make RUNRULE=DFE 
Tue 11:05: Command output:
Tue 11:05: make -f Makefile ../RunRules/DFE/binaries/infoli
Tue 11:05: make[1]: Entering directory `/home/maxeler/workspace/Maxide projects Archive/InferiorOlive_0_7m/CPUCode'
Tue 11:05: cc -g -O3 -Wall -Wextra -fmessage-length=0 -I ../RunRules/DFE/include -I. -I/opt/maxeler/maxeleros/include -I/opt/maxeler/maxcompiler-2014.1.1/include/slic -D_XOPEN_SOURCE=600  -std=c99 -DBUILDNAME_MAXFILE_1=infoli -DMAXFILE_1="infoli.max"  -o "../RunRules/DFE/objects/infoliCpuCode.o" -c "infoliCpuCode.c"
Tue 11:05: cc -g -O3 -Wall -Wextra -fmessage-length=0 -I ../RunRules/DFE/include -I. -I/opt/maxeler/maxeleros/include -I/opt/maxeler/maxcompiler-2014.1.1/include/slic -D_XOPEN_SOURCE=600  -std=c99 -DBUILDNAME_MAXFILE_1=infoli -DMAXFILE_1="infoli.max"  -MM -MP -MT "../RunRules/DFE/objects/infoliCpuCode.o" "infoliCpuCode.c" > "../RunRules/DFE/objects/infoliCpuCode.d"
Tue 11:05: cc ../RunRules/DFE/objects/infoliCpuCode.o ../RunRules/DFE/objects/slic_infoli.o  -L/opt/maxeler/maxcompiler-2014.1.1/lib -L/opt/maxeler/maxeleros/lib -lslic -lmaxeleros -lm -lpthread  -o "../RunRules/DFE/binaries/infoli"
Tue 11:05: make[1]: Leaving directory `/home/maxeler/workspace/Maxide projects Archive/InferiorOlive_0_7m/CPUCode'
Tue 11:05: Build completed: Tue Jun 13 11:05:58 BST 2017


Tue 11:05: ########################################## 
Tue 11:05: Running
Tue 11:05: ########################################## 
Tue 11:05: Executing command:
Tue 11:05: '/home/maxeler/workspace/Maxide projects Archive/InferiorOlive_0_7m/RunRules/DFE/binaries/infoli' 
Tue 11:05: Command output:
Tue 11:05: Begin execution 
Tue 11:05: Creating State Initialization Vector
Tue 11:05: Creating Initialization Gap Junction Vector
Tue 11:05: Creating Input Trace
Tue 11:05: Mallocing Output Space
Tue 11:05: Writing Initialization State to LMem.
Tue 11:06: Writing Input Trace State to LMem.
Tue 11:06: Writing IC Initialization Trace State to LMem.
Tue 11:06: Running on DFE. Net Size = 96 and SimSteps = 20
Tue 11:06: DFE Runtime = 0.0016600 seconds
Tue 11:06: Reading memory
Tue 11:06: Writing Output File
Tue 11:06: Done.
Tue 11:06: Process terminated with exit code 0.
